

Microchip MPLAB XC8 Assembler V2.30 build 20200825195618 
                                                                                               Fri Apr 25 18:42:24 2025

Microchip MPLAB XC8 C Compiler v2.30 (Free license) build 20200825195618 Og1 
     1                           	processor	18F8722
     2                           	fnconf	rparam,??,?,0
     3                           	pagewidth 120
     4                           	opt	flic
     5                           	psect	cinit,global,reloc=2,class=CODE,delta=1
     6                           	psect	bssCOMRAM,global,class=COMRAM,space=1,delta=1,lowdata,noexec
     7                           	psect	cstackCOMRAM,global,class=COMRAM,space=1,delta=1,lowdata,noexec
     8                           	psect	text0,global,reloc=2,class=CODE,delta=1
     9                           	psect	text1,global,reloc=2,class=CODE,delta=1
    10                           	psect	intcode,global,reloc=2,class=CODE,delta=1
    11                           	psect	intcode_body,global,reloc=2,class=CODE,delta=1
    12                           	psect	text3,global,reloc=2,class=CODE,delta=1
    13                           	psect	text4,global,reloc=2,class=CODE,delta=1
    14                           	psect	text5,global,reloc=2,class=CODE,delta=1
    15                           	psect	intsave_regs,global,class=BIGRAM,space=1,delta=1,noexec
    16                           	psect	rparam,global,class=COMRAM,space=1,delta=1,noexec
    17                           	psect	temp,global,ovrld,common,class=COMRAM,space=1,delta=1
    18                           	psect	idloc,global,abs,ovrld,class=IDLOC,space=5,delta=1,noexec
    19                           	psect	config,global,abs,ovrld,class=CONFIG,space=4,delta=1,noexec
    20  0000                     
    21                           ; Version 2.20
    22                           ; Generated 12/02/2020 GMT
    23                           ; 
    24                           ; Copyright © 2020, Microchip Technology Inc. and its subsidiaries ("Microchip")
    25                           ; All rights reserved.
    26                           ; 
    27                           ; This software is developed by Microchip Technology Inc. and its subsidiaries ("Microch
      +                          ip").
    28                           ; 
    29                           ; Redistribution and use in source and binary forms, with or without modification, are
    30                           ; permitted provided that the following conditions are met:
    31                           ; 
    32                           ;     1. Redistributions of source code must retain the above copyright notice, this lis
      +                          t of
    33                           ;        conditions and the following disclaimer.
    34                           ; 
    35                           ;     2. Redistributions in binary form must reproduce the above copyright notice, this 
      +                          list
    36                           ;        of conditions and the following disclaimer in the documentation and/or other
    37                           ;        materials provided with the distribution.
    38                           ; 
    39                           ;     3. Microchip's name may not be used to endorse or promote products derived from th
      +                          is
    40                           ;        software without specific prior written permission.
    41                           ; 
    42                           ; THIS SOFTWARE IS PROVIDED BY MICROCHIP "AS IS" AND ANY EXPRESS OR IMPLIED WARRANTIES,
    43                           ; INCLUDING, BUT NOT LIMITED TO, THE IMPLIED WARRANTIES OF MERCHANTABILITY AND FITNESS F
      +                          OR
    44                           ; PURPOSE ARE DISCLAIMED.  IN NO EVENT SHALL MICROCHIP BE LIABLE FOR ANY DIRECT, INDIREC
      +                          T,
    45                           ; INCIDENTAL, SPECIAL, EXEMPLARY, OR CONSEQUENTIAL DAMAGES (INCLUDING BUT NOT LIMITED TO
    46                           ; PROCUREMENT OF SUBSTITUTE GOODS OR SERVICES; LOSS OF USE, DATA OR PROFITS; OR BUSINESS
    47                           ; INTERRUPTION) HOWSOEVER CAUSED AND ON ANY THEORY OF LIABILITY, WHETHER IN CONTRACT, ST
      +                          RICT
    48                           ; LIABILITY, OR TORT (INCLUDING NEGLIGENCE OR OTHERWISE) ARISING IN ANY WAY OUT OF THE U
      +                          SE OF
    49                           ; THIS SOFTWARE, EVEN IF ADVISED OF THE POSSIBILITY OF SUCH DAMAGE.
    50                           ; 
    51                           ; 
    52                           ; Code-generator required, PIC18F8722 Definitions
    53                           ; 
    54                           ; SFR Addresses
    55  0000                     _LATDbits	set	3980
    56  0000                     _TMR0L	set	4054
    57  0000                     _TMR0H	set	4055
    58  0000                     _T0CON	set	4053
    59  0000                     _INTCONbits	set	4082
    60  0000                     _INTCON	set	4082
    61  0000                     _LATJ	set	3985
    62  0000                     _LATH	set	3984
    63  0000                     _TRISJ	set	3994
    64  0000                     _TRISH	set	3993
    65  0000                     _TRISB	set	3987
    66  0000                     _TRISD	set	3989
    67  0000                     _LATG	set	3983
    68  0000                     _LATF	set	3982
    69  0000                     _LATE	set	3981
    70  0000                     _LATD	set	3980
    71  0000                     _LATC	set	3979
    72  0000                     _LATB	set	3978
    73  0000                     _LATA	set	3977
    74                           
    75                           ; #config settings
    76                           
    77                           	psect	cinit
    78  00011C                     __pcinit:
    79                           	callstack 0
    80  00011C                     start_initialization:
    81                           	callstack 0
    82  00011C                     __initialization:
    83                           	callstack 0
    84                           
    85                           ; Clear objects allocated to COMRAM (8 bytes)
    86  00011C  EE00  F001         	lfsr	0,__pbssCOMRAM
    87  000120  0E08               	movlw	8
    88  000122                     clear_0:
    89  000122  6AEE               	clrf	postinc0,c
    90  000124  06E8               	decf	wreg,f,c
    91  000126  E1FD               	bnz	clear_0
    92  000128                     end_of_initialization:
    93                           	callstack 0
    94  000128                     __end_of__initialization:
    95                           	callstack 0
    96  000128  9009               	bcf	int$flags,0,c	;clear compiler interrupt flag (level 1)
    97  00012A  9209               	bcf	int$flags,1,c	;clear compiler interrupt flag (level 2)
    98  00012C  0100               	movlb	0
    99  00012E  EFA0  F000         	goto	_main	;jump to C main() function
   100                           
   101                           	psect	bssCOMRAM
   102  000001                     __pbssCOMRAM:
   103                           	callstack 0
   104  000001                     _wait:
   105                           	callstack 0
   106  000001                     	ds	2
   107  000003                     _score_counter:
   108                           	callstack 0
   109  000003                     	ds	2
   110  000005                     _gravity_counter:
   111                           	callstack 0
   112  000005                     	ds	2
   113  000007                     _blink_counter:
   114                           	callstack 0
   115  000007                     	ds	2
   116                           
   117                           	psect	cstackCOMRAM
   118  000000                     __pcstackCOMRAM:
   119                           	callstack 0
   120  000000                     
   121                           ; 1 bytes @ 0x0
   122 ;;
   123 ;;Main: autosize = 0, tempsize = 0, incstack = 0, save=0
   124 ;;
   125 ;; *************** function _main *****************
   126 ;; Defined at:
   127 ;;		line 131 in file "main.c"
   128 ;; Parameters:    Size  Location     Type
   129 ;;		None
   130 ;; Auto vars:     Size  Location     Type
   131 ;;		None
   132 ;; Return value:  Size  Location     Type
   133 ;;                  1    wreg      void 
   134 ;; Registers used:
   135 ;;		wreg, status,2, cstack
   136 ;; Tracked objects:
   137 ;;		On entry : 0/0
   138 ;;		On exit  : 0/0
   139 ;;		Unchanged: 0/0
   140 ;; Data sizes:     COMRAM   BANK0   BANK1   BANK2   BANK3   BANK4   BANK5   BANK6   BANK7   BANK8   BANK9  BANK10  BANK1
      +1  BANK12  BANK13  BANK14  BANK15
   141 ;;      Params:         0       0       0       0       0       0       0       0       0       0       0       0       
      +0       0       0       0       0
   142 ;;      Locals:         0       0       0       0       0       0       0       0       0       0       0       0       
      +0       0       0       0       0
   143 ;;      Temps:          0       0       0       0       0       0       0       0       0       0       0       0       
      +0       0       0       0       0
   144 ;;      Totals:         0       0       0       0       0       0       0       0       0       0       0       0       
      +0       0       0       0       0
   145 ;;Total ram usage:        0 bytes
   146 ;; Hardware stack levels required when called:    3
   147 ;; This function calls:
   148 ;;		_initial
   149 ;; This function is called by:
   150 ;;		Startup code after reset
   151 ;; This function uses a non-reentrant model
   152 ;;
   153                           
   154                           	psect	text0
   155  000140                     __ptext0:
   156                           	callstack 0
   157  000140                     _main:
   158                           	callstack 28
   159  000140                     
   160                           ;main.c: 133:     initial();
   161  000140  EC09  F000         	call	_initial	;wreg free
   162  000144                     l76:
   163  000144  EFA2  F000         	goto	l76
   164  000148  EF07  F000         	goto	start
   165  00014C                     __end_of_main:
   166                           	callstack 0
   167                           
   168 ;; *************** function _initial *****************
   169 ;; Defined at:
   170 ;;		line 59 in file "main.c"
   171 ;; Parameters:    Size  Location     Type
   172 ;;		None
   173 ;; Auto vars:     Size  Location     Type
   174 ;;		None
   175 ;; Return value:  Size  Location     Type
   176 ;;                  1    wreg      void 
   177 ;; Registers used:
   178 ;;		wreg, status,2
   179 ;; Tracked objects:
   180 ;;		On entry : 0/0
   181 ;;		On exit  : 0/0
   182 ;;		Unchanged: 0/0
   183 ;; Data sizes:     COMRAM   BANK0   BANK1   BANK2   BANK3   BANK4   BANK5   BANK6   BANK7   BANK8   BANK9  BANK10  BANK1
      +1  BANK12  BANK13  BANK14  BANK15
   184 ;;      Params:         0       0       0       0       0       0       0       0       0       0       0       0       
      +0       0       0       0       0
   185 ;;      Locals:         0       0       0       0       0       0       0       0       0       0       0       0       
      +0       0       0       0       0
   186 ;;      Temps:          0       0       0       0       0       0       0       0       0       0       0       0       
      +0       0       0       0       0
   187 ;;      Totals:         0       0       0       0       0       0       0       0       0       0       0       0       
      +0       0       0       0       0
   188 ;;Total ram usage:        0 bytes
   189 ;; Hardware stack levels used:    1
   190 ;; Hardware stack levels required when called:    2
   191 ;; This function calls:
   192 ;;		Nothing
   193 ;; This function is called by:
   194 ;;		_main
   195 ;; This function uses a non-reentrant model
   196 ;;
   197                           
   198                           	psect	text1
   199  000012                     __ptext1:
   200                           	callstack 0
   201  000012                     _initial:
   202                           	callstack 28
   203  000012                     
   204                           ;main.c: 60:     LATA = 0x00;
   205  000012  0E00               	movlw	0
   206  000014  6E89               	movwf	137,c	;volatile
   207                           
   208                           ;main.c: 61:     LATB = 0x00;
   209  000016  0E00               	movlw	0
   210  000018  6E8A               	movwf	138,c	;volatile
   211                           
   212                           ;main.c: 62:     LATC = 0x00;
   213  00001A  0E00               	movlw	0
   214  00001C  6E8B               	movwf	139,c	;volatile
   215                           
   216                           ;main.c: 63:     LATD = 0x00;
   217  00001E  0E00               	movlw	0
   218  000020  6E8C               	movwf	140,c	;volatile
   219                           
   220                           ;main.c: 64:     LATE = 0x00;
   221  000022  0E00               	movlw	0
   222  000024  6E8D               	movwf	141,c	;volatile
   223                           
   224                           ;main.c: 65:     LATF = 0x00;
   225  000026  0E00               	movlw	0
   226  000028  6E8E               	movwf	142,c	;volatile
   227                           
   228                           ;main.c: 66:     LATG = 0x00;
   229  00002A  0E00               	movlw	0
   230  00002C  6E8F               	movwf	143,c	;volatile
   231                           
   232                           ;main.c: 67:     TRISD = 0x00;
   233  00002E  0E00               	movlw	0
   234  000030  6E95               	movwf	149,c	;volatile
   235                           
   236                           ;main.c: 68:     TRISB = 0x01;
   237  000032  0E01               	movlw	1
   238  000034  6E93               	movwf	147,c	;volatile
   239                           
   240                           ;main.c: 69:     TRISH = 0x00;
   241  000036  0E00               	movlw	0
   242  000038  6E99               	movwf	153,c	;volatile
   243                           
   244                           ;main.c: 70:     TRISJ = 0x00;
   245  00003A  0E00               	movlw	0
   246  00003C  6E9A               	movwf	154,c	;volatile
   247                           
   248                           ;main.c: 71:     LATH = 0x0F;
   249  00003E  0E0F               	movlw	15
   250  000040  6E90               	movwf	144,c	;volatile
   251                           
   252                           ;main.c: 72:     LATJ = 0x7F;
   253  000042  0E7F               	movlw	127
   254  000044  6E91               	movwf	145,c	;volatile
   255                           
   256                           ;main.c: 73:     INTCON = 0x00;
   257  000046  0E00               	movlw	0
   258  000048  6EF2               	movwf	242,c	;volatile
   259  00004A                     
   260                           ;main.c: 74:     INTCONbits.GIE = 1;
   261  00004A  8EF2               	bsf	242,7,c	;volatile
   262  00004C                     
   263                           ;main.c: 75:     INTCONbits.GIEH = 1;
   264  00004C  8EF2               	bsf	242,7,c	;volatile
   265  00004E                     
   266                           ;main.c: 76:     INTCONbits.TMR0IE = 1;
   267  00004E  8AF2               	bsf	242,5,c	;volatile
   268  000050                     
   269                           ;main.c: 77:     INTCONbits.INT0IE = 1;
   270  000050  88F2               	bsf	242,4,c	;volatile
   271  000052                     
   272                           ;main.c: 78:     INTCONbits.INT0IF = 0;
   273  000052  92F2               	bcf	242,1,c	;volatile
   274  000054                     
   275                           ;main.c: 79:     INTCONbits.TMR0IF = 0;
   276  000054  94F2               	bcf	242,2,c	;volatile
   277                           
   278                           ;main.c: 80:     T0CON = 0b10000111;
   279  000056  0E87               	movlw	135
   280  000058  6ED5               	movwf	213,c	;volatile
   281                           
   282                           ;main.c: 81:     TMR0H = 0x67;
   283  00005A  0E67               	movlw	103
   284  00005C  6ED7               	movwf	215,c	;volatile
   285                           
   286                           ;main.c: 82:     TMR0L = 0x69;
   287  00005E  0E69               	movlw	105
   288  000060  6ED6               	movwf	214,c	;volatile
   289  000062                     l49:
   290  000062  A4F2               	btfss	242,2,c	;volatile
   291  000064  EF36  F000         	goto	u11
   292  000068  EF38  F000         	goto	u10
   293  00006C                     u11:
   294  00006C  EF31  F000         	goto	l49
   295  000070                     u10:
   296  000070                     
   297                           ;main.c: 84:     T0CON = 0b10001000;
   298  000070  0E88               	movlw	136
   299  000072  6ED5               	movwf	213,c	;volatile
   300                           
   301                           ;main.c: 85:     TMR0H = 0x3C;
   302  000074  0E3C               	movlw	60
   303  000076  6ED7               	movwf	215,c	;volatile
   304                           
   305                           ;main.c: 86:     TMR0L = 0xAF;
   306  000078  0EAF               	movlw	175
   307  00007A  6ED6               	movwf	214,c	;volatile
   308                           
   309                           ;main.c: 87:     blink_counter = 0;
   310  00007C  0E00               	movlw	0
   311  00007E  6E08               	movwf	(_blink_counter+1)^0,c
   312  000080  0E00               	movlw	0
   313  000082  6E07               	movwf	_blink_counter^0,c
   314                           
   315                           ;main.c: 88:     gravity_counter = 0;
   316  000084  0E00               	movlw	0
   317  000086  6E06               	movwf	(_gravity_counter+1)^0,c
   318  000088  0E00               	movlw	0
   319  00008A  6E05               	movwf	_gravity_counter^0,c
   320                           
   321                           ;main.c: 89:     score_counter = 0;
   322  00008C  0E00               	movlw	0
   323  00008E  6E04               	movwf	(_score_counter+1)^0,c
   324  000090  0E00               	movlw	0
   325  000092  6E03               	movwf	_score_counter^0,c
   326  000094                     
   327                           ;main.c: 90:     LATDbits.LATD0 = 1;
   328  000094  808C               	bsf	140,0,c	;volatile
   329  000096                     
   330                           ;main.c: 91:     LATDbits.LATD7 = 1;
   331  000096  8E8C               	bsf	140,7,c	;volatile
   332  000098  0012               	return		;funcret
   333  00009A                     __end_of_initial:
   334                           	callstack 0
   335                           
   336 ;; *************** function _HandleInterrupt *****************
   337 ;; Defined at:
   338 ;;		line 108 in file "main.c"
   339 ;; Parameters:    Size  Location     Type
   340 ;;		None
   341 ;; Auto vars:     Size  Location     Type
   342 ;;		None
   343 ;; Return value:  Size  Location     Type
   344 ;;                  1    wreg      void 
   345 ;; Registers used:
   346 ;;		wreg, status,2, status,0, cstack
   347 ;; Tracked objects:
   348 ;;		On entry : 0/0
   349 ;;		On exit  : 0/0
   350 ;;		Unchanged: 0/0
   351 ;; Data sizes:     COMRAM   BANK0   BANK1   BANK2   BANK3   BANK4   BANK5   BANK6   BANK7   BANK8   BANK9  BANK10  BANK1
      +1  BANK12  BANK13  BANK14  BANK15
   352 ;;      Params:         0       0       0       0       0       0       0       0       0       0       0       0       
      +0       0       0       0       0
   353 ;;      Locals:         0       0       0       0       0       0       0       0       0       0       0       0       
      +0       0       0       0       0
   354 ;;      Temps:          0       0       0       0       0       0       0       0       0       0       0       0       
      +0       0       0       0       0
   355 ;;      Totals:         0       0       0       0       0       0       0       0       0       0       0       0       
      +0       0       0       0       0
   356 ;;Total ram usage:        0 bytes
   357 ;; Hardware stack levels used:    1
   358 ;; Hardware stack levels required when called:    1
   359 ;; This function calls:
   360 ;;		_handleBlink
   361 ;;		_handleGravity
   362 ;;		_handleScore
   363 ;; This function is called by:
   364 ;;		Interrupt level 2
   365 ;; This function uses a non-reentrant model
   366 ;;
   367                           
   368                           	psect	intcode
   369  000008                     __pintcode:
   370                           	callstack 0
   371  000008                     _HandleInterrupt:
   372                           	callstack 28
   373                           
   374                           ;incstack = 0
   375  000008  8209               	bsf	int$flags,1,c	;set compiler interrupt flag (level 2)
   376  00000A  ED4D  F000         	call	int_func,f	;refresh shadow registers
   377                           
   378                           	psect	intcode_body
   379  00009A                     __pintcode_body:
   380                           	callstack 28
   381  00009A                     int_func:
   382                           	callstack 28
   383  00009A  0006               	pop		; remove dummy address from shadow register refresh
   384  00009C                     
   385                           ;main.c: 110:     if(INTCONbits.TMR0IF){
   386  00009C  A4F2               	btfss	242,2,c	;volatile
   387  00009E  EF53  F000         	goto	i2u2_41
   388  0000A2  EF55  F000         	goto	i2u2_40
   389  0000A6                     i2u2_41:
   390  0000A6  EF84  F000         	goto	i2l805
   391  0000AA                     i2u2_40:
   392  0000AA                     
   393                           ;main.c: 111:         INTCONbits.TMR0IF = 0;
   394  0000AA  94F2               	bcf	242,2,c	;volatile
   395  0000AC                     
   396                           ;main.c: 112:         TMR0H = 0x3C;
   397  0000AC  0E3C               	movlw	60
   398  0000AE  6ED7               	movwf	215,c	;volatile
   399                           
   400                           ;main.c: 113:         TMR0L = 0xAF;
   401  0000B0  0EAF               	movlw	175
   402  0000B2  6ED6               	movwf	214,c	;volatile
   403  0000B4                     
   404                           ;main.c: 114:         blink_counter++;
   405  0000B4  4A07               	infsnz	_blink_counter^0,f,c
   406  0000B6  2A08               	incf	(_blink_counter+1)^0,f,c
   407  0000B8                     
   408                           ;main.c: 115:         if(blink_counter == 100){ handleBlink();}
   409  0000B8  0E64               	movlw	100
   410  0000BA  1807               	xorwf	_blink_counter^0,w,c
   411  0000BC  1008               	iorwf	(_blink_counter+1)^0,w,c
   412  0000BE  A4D8               	btfss	status,2,c
   413  0000C0  EF64  F000         	goto	i2u3_41
   414  0000C4  EF66  F000         	goto	i2u3_40
   415  0000C8                     i2u3_41:
   416  0000C8  EF68  F000         	goto	i2l793
   417  0000CC                     i2u3_40:
   418  0000CC  EC99  F000         	call	_handleBlink	;wreg free
   419  0000D0                     i2l793:
   420                           
   421                           ;main.c: 116:         gravity_counter++;
   422  0000D0  4A05               	infsnz	_gravity_counter^0,f,c
   423  0000D2  2A06               	incf	(_gravity_counter+1)^0,f,c
   424  0000D4                     
   425                           ;main.c: 117:         if(gravity_counter == 70){ handleGravity();}
   426  0000D4  0E46               	movlw	70
   427  0000D6  1805               	xorwf	_gravity_counter^0,w,c
   428  0000D8  1006               	iorwf	(_gravity_counter+1)^0,w,c
   429  0000DA  A4D8               	btfss	status,2,c
   430  0000DC  EF72  F000         	goto	i2u4_41
   431  0000E0  EF74  F000         	goto	i2u4_40
   432  0000E4                     i2u4_41:
   433  0000E4  EF76  F000         	goto	i2l799
   434  0000E8                     i2u4_40:
   435  0000E8  ECA7  F000         	call	_handleGravity	;wreg free
   436  0000EC                     i2l799:
   437                           
   438                           ;main.c: 118:         score_counter++;
   439  0000EC  4A03               	infsnz	_score_counter^0,f,c
   440  0000EE  2A04               	incf	(_score_counter+1)^0,f,c
   441  0000F0                     
   442                           ;main.c: 119:         if(score_counter == 200) {handleScore();}
   443  0000F0  0EC8               	movlw	200
   444  0000F2  1803               	xorwf	_score_counter^0,w,c
   445  0000F4  1004               	iorwf	(_score_counter+1)^0,w,c
   446  0000F6  A4D8               	btfss	status,2,c
   447  0000F8  EF80  F000         	goto	i2u5_41
   448  0000FC  EF82  F000         	goto	i2u5_40
   449  000100                     i2u5_41:
   450  000100  EF84  F000         	goto	i2l805
   451  000104                     i2u5_40:
   452  000104  ECA6  F000         	call	_handleScore	;wreg free
   453  000108                     i2l805:
   454                           
   455                           ;main.c: 121:     if(INTCONbits.INT0IF){
   456  000108  A2F2               	btfss	242,1,c	;volatile
   457  00010A  EF89  F000         	goto	i2u6_41
   458  00010E  EF8B  F000         	goto	i2u6_40
   459  000112                     i2u6_41:
   460  000112  EF8C  F000         	goto	i2l71
   461  000116                     i2u6_40:
   462  000116                     
   463                           ;main.c: 122:         INTCONbits.INT0IF = 0;
   464  000116  92F2               	bcf	242,1,c	;volatile
   465  000118                     i2l71:
   466  000118  9209               	bcf	int$flags,1,c	;clear compiler interrupt flag (level 2)
   467  00011A  0011               	retfie		f
   468  00011C                     __end_of_HandleInterrupt:
   469                           	callstack 0
   470                           
   471 ;; *************** function _handleScore *****************
   472 ;; Defined at:
   473 ;;		line 101 in file "main.c"
   474 ;; Parameters:    Size  Location     Type
   475 ;;		None
   476 ;; Auto vars:     Size  Location     Type
   477 ;;		None
   478 ;; Return value:  Size  Location     Type
   479 ;;                  1    wreg      void 
   480 ;; Registers used:
   481 ;;		None
   482 ;; Tracked objects:
   483 ;;		On entry : 0/0
   484 ;;		On exit  : 0/0
   485 ;;		Unchanged: 0/0
   486 ;; Data sizes:     COMRAM   BANK0   BANK1   BANK2   BANK3   BANK4   BANK5   BANK6   BANK7   BANK8   BANK9  BANK10  BANK1
      +1  BANK12  BANK13  BANK14  BANK15
   487 ;;      Params:         0       0       0       0       0       0       0       0       0       0       0       0       
      +0       0       0       0       0
   488 ;;      Locals:         0       0       0       0       0       0       0       0       0       0       0       0       
      +0       0       0       0       0
   489 ;;      Temps:          0       0       0       0       0       0       0       0       0       0       0       0       
      +0       0       0       0       0
   490 ;;      Totals:         0       0       0       0       0       0       0       0       0       0       0       0       
      +0       0       0       0       0
   491 ;;Total ram usage:        0 bytes
   492 ;; Hardware stack levels used:    1
   493 ;; This function calls:
   494 ;;		Nothing
   495 ;; This function is called by:
   496 ;;		_HandleInterrupt
   497 ;; This function uses a non-reentrant model
   498 ;;
   499                           
   500                           	psect	text3
   501  00014C                     __ptext3:
   502                           	callstack 0
   503  00014C                     _handleScore:
   504                           	callstack 28
   505  00014C  0012               	return		;funcret
   506  00014E                     __end_of_handleScore:
   507                           	callstack 0
   508                           
   509 ;; *************** function _handleGravity *****************
   510 ;; Defined at:
   511 ;;		line 100 in file "main.c"
   512 ;; Parameters:    Size  Location     Type
   513 ;;		None
   514 ;; Auto vars:     Size  Location     Type
   515 ;;		None
   516 ;; Return value:  Size  Location     Type
   517 ;;                  1    wreg      void 
   518 ;; Registers used:
   519 ;;		None
   520 ;; Tracked objects:
   521 ;;		On entry : 0/0
   522 ;;		On exit  : 0/0
   523 ;;		Unchanged: 0/0
   524 ;; Data sizes:     COMRAM   BANK0   BANK1   BANK2   BANK3   BANK4   BANK5   BANK6   BANK7   BANK8   BANK9  BANK10  BANK1
      +1  BANK12  BANK13  BANK14  BANK15
   525 ;;      Params:         0       0       0       0       0       0       0       0       0       0       0       0       
      +0       0       0       0       0
   526 ;;      Locals:         0       0       0       0       0       0       0       0       0       0       0       0       
      +0       0       0       0       0
   527 ;;      Temps:          0       0       0       0       0       0       0       0       0       0       0       0       
      +0       0       0       0       0
   528 ;;      Totals:         0       0       0       0       0       0       0       0       0       0       0       0       
      +0       0       0       0       0
   529 ;;Total ram usage:        0 bytes
   530 ;; Hardware stack levels used:    1
   531 ;; This function calls:
   532 ;;		Nothing
   533 ;; This function is called by:
   534 ;;		_HandleInterrupt
   535 ;; This function uses a non-reentrant model
   536 ;;
   537                           
   538                           	psect	text4
   539  00014E                     __ptext4:
   540                           	callstack 0
   541  00014E                     _handleGravity:
   542                           	callstack 28
   543  00014E  0012               	return		;funcret
   544  000150                     __end_of_handleGravity:
   545                           	callstack 0
   546                           
   547 ;; *************** function _handleBlink *****************
   548 ;; Defined at:
   549 ;;		line 95 in file "main.c"
   550 ;; Parameters:    Size  Location     Type
   551 ;;		None
   552 ;; Auto vars:     Size  Location     Type
   553 ;;		None
   554 ;; Return value:  Size  Location     Type
   555 ;;                  1    wreg      void 
   556 ;; Registers used:
   557 ;;		wreg, status,2
   558 ;; Tracked objects:
   559 ;;		On entry : 0/0
   560 ;;		On exit  : 0/0
   561 ;;		Unchanged: 0/0
   562 ;; Data sizes:     COMRAM   BANK0   BANK1   BANK2   BANK3   BANK4   BANK5   BANK6   BANK7   BANK8   BANK9  BANK10  BANK1
      +1  BANK12  BANK13  BANK14  BANK15
   563 ;;      Params:         0       0       0       0       0       0       0       0       0       0       0       0       
      +0       0       0       0       0
   564 ;;      Locals:         0       0       0       0       0       0       0       0       0       0       0       0       
      +0       0       0       0       0
   565 ;;      Temps:          0       0       0       0       0       0       0       0       0       0       0       0       
      +0       0       0       0       0
   566 ;;      Totals:         0       0       0       0       0       0       0       0       0       0       0       0       
      +0       0       0       0       0
   567 ;;Total ram usage:        0 bytes
   568 ;; Hardware stack levels used:    1
   569 ;; This function calls:
   570 ;;		Nothing
   571 ;; This function is called by:
   572 ;;		_HandleInterrupt
   573 ;; This function uses a non-reentrant model
   574 ;;
   575                           
   576                           	psect	text5
   577  000132                     __ptext5:
   578                           	callstack 0
   579  000132                     _handleBlink:
   580                           	callstack 28
   581  000132                     
   582                           ;main.c: 96:     blink_counter = 0;
   583  000132  0E00               	movlw	0
   584  000134  6E08               	movwf	(_blink_counter+1)^0,c
   585  000136  0E00               	movlw	0
   586  000138  6E07               	movwf	_blink_counter^0,c
   587  00013A                     
   588                           ;main.c: 97:     LATDbits.LATD0 = 0;
   589  00013A  908C               	bcf	140,0,c	;volatile
   590  00013C                     
   591                           ;main.c: 98:     LATDbits.LATD0 = 1;
   592  00013C  808C               	bsf	140,0,c	;volatile
   593  00013E  0012               	return		;funcret
   594  000140                     __end_of_handleBlink:
   595                           	callstack 0
   596  0000                     
   597                           	psect	rparam
   598  0000                     
   599                           	psect	temp
   600  000009                     btemp:
   601                           	callstack 0
   602  000009                     	ds	1
   603  0000                     int$flags	set	btemp
   604  0000                     wtemp8	set	btemp+1
   605  0000                     ttemp5	set	btemp+1
   606  0000                     ttemp6	set	btemp+4
   607  0000                     ttemp7	set	btemp+8
   608                           
   609                           	psect	idloc
   610                           
   611                           ;Config register IDLOC0 @ 0x200000
   612                           ;	unspecified, using default values
   613  200000                     	org	2097152
   614  200000  FF                 	db	255
   615                           
   616                           ;Config register IDLOC1 @ 0x200001
   617                           ;	unspecified, using default values
   618  200001                     	org	2097153
   619  200001  FF                 	db	255
   620                           
   621                           ;Config register IDLOC2 @ 0x200002
   622                           ;	unspecified, using default values
   623  200002                     	org	2097154
   624  200002  FF                 	db	255
   625                           
   626                           ;Config register IDLOC3 @ 0x200003
   627                           ;	unspecified, using default values
   628  200003                     	org	2097155
   629  200003  FF                 	db	255
   630                           
   631                           ;Config register IDLOC4 @ 0x200004
   632                           ;	unspecified, using default values
   633  200004                     	org	2097156
   634  200004  FF                 	db	255
   635                           
   636                           ;Config register IDLOC5 @ 0x200005
   637                           ;	unspecified, using default values
   638  200005                     	org	2097157
   639  200005  FF                 	db	255
   640                           
   641                           ;Config register IDLOC6 @ 0x200006
   642                           ;	unspecified, using default values
   643  200006                     	org	2097158
   644  200006  FF                 	db	255
   645                           
   646                           ;Config register IDLOC7 @ 0x200007
   647                           ;	unspecified, using default values
   648  200007                     	org	2097159
   649  200007  FF                 	db	255
   650                           
   651                           	psect	config
   652                           
   653                           ; Padding undefined space
   654  300000                     	org	3145728
   655  300000  FF                 	db	255
   656                           
   657                           ;Config register CONFIG1H @ 0x300001
   658                           ;	Oscillator Selection bits
   659                           ;	OSC = HSPLL, HS oscillator, PLL enabled (Clock Frequency = 4 x FOSC1)
   660                           ;	Fail-Safe Clock Monitor Enable bit
   661                           ;	FCMEN = OFF, Fail-Safe Clock Monitor disabled
   662                           ;	Internal/External Oscillator Switchover bit
   663                           ;	IESO = OFF, Two-Speed Start-up disabled
   664  300001                     	org	3145729
   665  300001  06                 	db	6
   666                           
   667                           ;Config register CONFIG2L @ 0x300002
   668                           ;	Power-up Timer Enable bit
   669                           ;	PWRT = OFF, PWRT disabled
   670                           ;	Brown-out Reset Enable bits
   671                           ;	BOREN = OFF, Brown-out Reset disabled in hardware and software
   672                           ;	Brown-out Voltage bits
   673                           ;	BORV = 0x3, unprogrammed default
   674  300002                     	org	3145730
   675  300002  19                 	db	25
   676                           
   677                           ;Config register CONFIG2H @ 0x300003
   678                           ;	Watchdog Timer
   679                           ;	WDT = OFF, WDT disabled (control is placed on the SWDTEN bit)
   680                           ;	Watchdog Timer Postscale Select bits
   681                           ;	WDTPS = 0xF, unprogrammed default
   682  300003                     	org	3145731
   683  300003  1E                 	db	30
   684                           
   685                           ;Config register CONFIG3L @ 0x300004
   686                           ;	unspecified, using default values
   687                           ;	Processor Data Memory Mode Select bits
   688                           ;	MODE = 0x3, unprogrammed default
   689                           ;	Address Bus Width Select bits
   690                           ;	ADDRBW = 0x3, unprogrammed default
   691                           ;	Data Bus Width Select bit
   692                           ;	DATABW = 0x1, unprogrammed default
   693                           ;	External Bus Data Wait Enable bit
   694                           ;	WAIT = 0x1, unprogrammed default
   695  300004                     	org	3145732
   696  300004  F3                 	db	243
   697                           
   698                           ;Config register CONFIG3H @ 0x300005
   699                           ;	CCP2 MUX bit
   700                           ;	CCP2MX = 0x1, unprogrammed default
   701                           ;	ECCP MUX bit
   702                           ;	ECCPMX = 0x1, unprogrammed default
   703                           ;	Low-Power Timer1 Oscillator Enable bit
   704                           ;	LPT1OSC = OFF, Timer1 configured for higher power operation
   705                           ;	MCLR Pin Enable bit
   706                           ;	MCLRE = ON, MCLR pin enabled; RG5 input pin disabled
   707  300005                     	org	3145733
   708  300005  83                 	db	131
   709                           
   710                           ;Config register CONFIG4L @ 0x300006
   711                           ;	Stack Full/Underflow Reset Enable bit
   712                           ;	STVREN = 0x1, unprogrammed default
   713                           ;	Single-Supply ICSP Enable bit
   714                           ;	LVP = OFF, Single-Supply ICSP disabled
   715                           ;	Boot Block Size Select bits
   716                           ;	BBSIZ = 0x0, unprogrammed default
   717                           ;	Extended Instruction Set Enable bit
   718                           ;	XINST = OFF, Instruction set extension and Indexed Addressing mode disabled (Legacy mo
      +                          de)
   719                           ;	Background Debugger Enable bit
   720                           ;	DEBUG = OFF, Background debugger disabled, RB6 and RB7 configured as general purpose I
      +                          /O pins
   721  300006                     	org	3145734
   722  300006  81                 	db	129
   723                           
   724                           ; Padding undefined space
   725  300007                     	org	3145735
   726  300007  FF                 	db	255
   727                           
   728                           ;Config register CONFIG5L @ 0x300008
   729                           ;	unspecified, using default values
   730                           ;	Code Protection bit Block 0
   731                           ;	CP0 = 0x1, unprogrammed default
   732                           ;	Code Protection bit Block 1
   733                           ;	CP1 = 0x1, unprogrammed default
   734                           ;	Code Protection bit Block 2
   735                           ;	CP2 = 0x1, unprogrammed default
   736                           ;	Code Protection bit Block 3
   737                           ;	CP3 = 0x1, unprogrammed default
   738                           ;	Code Protection bit Block 4
   739                           ;	CP4 = 0x1, unprogrammed default
   740                           ;	Code Protection bit Block 5
   741                           ;	CP5 = 0x1, unprogrammed default
   742                           ;	Code Protection bit Block 6
   743                           ;	CP6 = 0x1, unprogrammed default
   744                           ;	Code Protection bit Block 7
   745                           ;	CP7 = 0x1, unprogrammed default
   746  300008                     	org	3145736
   747  300008  FF                 	db	255
   748                           
   749                           ;Config register CONFIG5H @ 0x300009
   750                           ;	unspecified, using default values
   751                           ;	Boot Block Code Protection bit
   752                           ;	CPB = 0x1, unprogrammed default
   753                           ;	Data EEPROM Code Protection bit
   754                           ;	CPD = 0x1, unprogrammed default
   755  300009                     	org	3145737
   756  300009  C0                 	db	192
   757                           
   758                           ;Config register CONFIG6L @ 0x30000A
   759                           ;	unspecified, using default values
   760                           ;	Write Protection bit Block 0
   761                           ;	WRT0 = 0x1, unprogrammed default
   762                           ;	Write Protection bit Block 1
   763                           ;	WRT1 = 0x1, unprogrammed default
   764                           ;	Write Protection bit Block 2
   765                           ;	WRT2 = 0x1, unprogrammed default
   766                           ;	Write Protection bit Block 3
   767                           ;	WRT3 = 0x1, unprogrammed default
   768                           ;	Write Protection bit Block 4
   769                           ;	WRT4 = 0x1, unprogrammed default
   770                           ;	Write Protection bit Block 5
   771                           ;	WRT5 = 0x1, unprogrammed default
   772                           ;	Write Protection bit Block 6
   773                           ;	WRT6 = 0x1, unprogrammed default
   774                           ;	Write Protection bit Block 7
   775                           ;	WRT7 = 0x1, unprogrammed default
   776  30000A                     	org	3145738
   777  30000A  FF                 	db	255
   778                           
   779                           ;Config register CONFIG6H @ 0x30000B
   780                           ;	unspecified, using default values
   781                           ;	Configuration Register Write Protection bit
   782                           ;	WRTC = 0x1, unprogrammed default
   783                           ;	Boot Block Write Protection bit
   784                           ;	WRTB = 0x1, unprogrammed default
   785                           ;	Data EEPROM Write Protection bit
   786                           ;	WRTD = 0x1, unprogrammed default
   787  30000B                     	org	3145739
   788  30000B  E0                 	db	224
   789                           
   790                           ;Config register CONFIG7L @ 0x30000C
   791                           ;	unspecified, using default values
   792                           ;	Table Read Protection bit Block 0
   793                           ;	EBTR0 = 0x1, unprogrammed default
   794                           ;	Table Read Protection bit Block 1
   795                           ;	EBTR1 = 0x1, unprogrammed default
   796                           ;	Table Read Protection bit Block 2
   797                           ;	EBTR2 = 0x1, unprogrammed default
   798                           ;	Table Read Protection bit Block 3
   799                           ;	EBTR3 = 0x1, unprogrammed default
   800                           ;	Table Read Protection bit Block 4
   801                           ;	EBTR4 = 0x1, unprogrammed default
   802                           ;	Table Read Protection bit Block 5
   803                           ;	EBTR5 = 0x1, unprogrammed default
   804                           ;	Table Read Protection bit Block 6
   805                           ;	EBTR6 = 0x1, unprogrammed default
   806                           ;	Table Read Protection bit Block 7
   807                           ;	EBTR7 = 0x1, unprogrammed default
   808  30000C                     	org	3145740
   809  30000C  FF                 	db	255
   810                           
   811                           ;Config register CONFIG7H @ 0x30000D
   812                           ;	unspecified, using default values
   813                           ;	Boot Block Table Read Protection bit
   814                           ;	EBTRB = 0x1, unprogrammed default
   815  30000D                     	org	3145741
   816  30000D  40                 	db	64
   817                           tosu	equ	0xFFF
   818                           tosh	equ	0xFFE
   819                           tosl	equ	0xFFD
   820                           stkptr	equ	0xFFC
   821                           pclatu	equ	0xFFB
   822                           pclath	equ	0xFFA
   823                           pcl	equ	0xFF9
   824                           tblptru	equ	0xFF8
   825                           tblptrh	equ	0xFF7
   826                           tblptrl	equ	0xFF6
   827                           tablat	equ	0xFF5
   828                           prodh	equ	0xFF4
   829                           prodl	equ	0xFF3
   830                           indf0	equ	0xFEF
   831                           postinc0	equ	0xFEE
   832                           postdec0	equ	0xFED
   833                           preinc0	equ	0xFEC
   834                           plusw0	equ	0xFEB
   835                           fsr0h	equ	0xFEA
   836                           fsr0l	equ	0xFE9
   837                           wreg	equ	0xFE8
   838                           indf1	equ	0xFE7
   839                           postinc1	equ	0xFE6
   840                           postdec1	equ	0xFE5
   841                           preinc1	equ	0xFE4
   842                           plusw1	equ	0xFE3
   843                           fsr1h	equ	0xFE2
   844                           fsr1l	equ	0xFE1
   845                           bsr	equ	0xFE0
   846                           indf2	equ	0xFDF
   847                           postinc2	equ	0xFDE
   848                           postdec2	equ	0xFDD
   849                           preinc2	equ	0xFDC
   850                           plusw2	equ	0xFDB
   851                           fsr2h	equ	0xFDA
   852                           fsr2l	equ	0xFD9
   853                           status	equ	0xFD8

Data Sizes:
    Strings     0
    Constant    0
    Data        0
    BSS         8
    Persistent  0
    Stack       0

Auto Spaces:
    Space          Size  Autos    Used
    COMRAM           94      0       8
    BANK0           160      0       0
    BANK1           256      0       0
    BANK2           256      0       0
    BANK3           256      0       0
    BANK4           256      0       0
    BANK5           256      0       0
    BANK6           256      0       0
    BANK7           256      0       0
    BANK8           256      0       0
    BANK9           256      0       0
    BANK10          256      0       0
    BANK11          256      0       0
    BANK12          256      0       0
    BANK13          256      0       0
    BANK14          256      0       0
    BANK15           96      0       0

Pointer List with Targets:

    None.

Critical Paths under _main in COMRAM

    None.

Critical Paths under _HandleInterrupt in COMRAM

    None.

Critical Paths under _main in BANK0

    None.

Critical Paths under _HandleInterrupt in BANK0

    None.

Critical Paths under _main in BANK1

    None.

Critical Paths under _HandleInterrupt in BANK1

    None.

Critical Paths under _main in BANK2

    None.

Critical Paths under _HandleInterrupt in BANK2

    None.

Critical Paths under _main in BANK3

    None.

Critical Paths under _HandleInterrupt in BANK3

    None.

Critical Paths under _main in BANK4

    None.

Critical Paths under _HandleInterrupt in BANK4

    None.

Critical Paths under _main in BANK5

    None.

Critical Paths under _HandleInterrupt in BANK5

    None.

Critical Paths under _main in BANK6

    None.

Critical Paths under _HandleInterrupt in BANK6

    None.

Critical Paths under _main in BANK7

    None.

Critical Paths under _HandleInterrupt in BANK7

    None.

Critical Paths under _main in BANK8

    None.

Critical Paths under _HandleInterrupt in BANK8

    None.

Critical Paths under _main in BANK9

    None.

Critical Paths under _HandleInterrupt in BANK9

    None.

Critical Paths under _main in BANK10

    None.

Critical Paths under _HandleInterrupt in BANK10

    None.

Critical Paths under _main in BANK11

    None.

Critical Paths under _HandleInterrupt in BANK11

    None.

Critical Paths under _main in BANK12

    None.

Critical Paths under _HandleInterrupt in BANK12

    None.

Critical Paths under _main in BANK13

    None.

Critical Paths under _HandleInterrupt in BANK13

    None.

Critical Paths under _main in BANK14

    None.

Critical Paths under _HandleInterrupt in BANK14

    None.

Critical Paths under _main in BANK15

    None.

Critical Paths under _HandleInterrupt in BANK15

    None.

Call Graph Tables:

 ---------------------------------------------------------------------------------
 (Depth) Function   	        Calls       Base Space   Used Autos Params    Refs
 ---------------------------------------------------------------------------------
 (0) _main                                                 0     0      0       0
                            _initial
 ---------------------------------------------------------------------------------
 (1) _initial                                              0     0      0       0
 ---------------------------------------------------------------------------------
 Estimated maximum stack depth 1
 ---------------------------------------------------------------------------------
 (Depth) Function   	        Calls       Base Space   Used Autos Params    Refs
 ---------------------------------------------------------------------------------
 (2) _HandleInterrupt                                      0     0      0       0
                        _handleBlink
                      _handleGravity
                        _handleScore
 ---------------------------------------------------------------------------------
 (3) _handleScore                                          0     0      0       0
 ---------------------------------------------------------------------------------
 (3) _handleGravity                                        0     0      0       0
 ---------------------------------------------------------------------------------
 (3) _handleBlink                                          0     0      0       0
 ---------------------------------------------------------------------------------
 Estimated maximum stack depth 3
 ---------------------------------------------------------------------------------

 Call Graph Graphs:

 _main (ROOT)
   _initial

 _HandleInterrupt (ROOT)
   _handleBlink
   _handleGravity
   _handleScore

 Address spaces:
Name               Size   Autos  Total    Cost      Usage
BIGRAM             F5F      0       0      37        0.0%
EEDATA             400      0       0       0        0.0%
BITBANK14          100      0       0      33        0.0%
BANK14             100      0       0      34        0.0%
BITBANK13          100      0       0      30        0.0%
BANK13             100      0       0      31        0.0%
BITBANK12          100      0       0      28        0.0%
BANK12             100      0       0      29        0.0%
BITBANK11          100      0       0      26        0.0%
BANK11             100      0       0      27        0.0%
BITBANK10          100      0       0      24        0.0%
BANK10             100      0       0      25        0.0%
BITBANK9           100      0       0      22        0.0%
BANK9              100      0       0      23        0.0%
BITBANK8           100      0       0      20        0.0%
BANK8              100      0       0      21        0.0%
BITBANK7           100      0       0      18        0.0%
BANK7              100      0       0      19        0.0%
BITBANK6           100      0       0      16        0.0%
BANK6              100      0       0      17        0.0%
BITBANK5           100      0       0      14        0.0%
BANK5              100      0       0      15        0.0%
BITBANK4           100      0       0      12        0.0%
BANK4              100      0       0      13        0.0%
BITBANK3           100      0       0      10        0.0%
BANK3              100      0       0      11        0.0%
BITBANK2           100      0       0       8        0.0%
BANK2              100      0       0       9        0.0%
BITBANK1           100      0       0       6        0.0%
BANK1              100      0       0       7        0.0%
BITBANK0            A0      0       0       4        0.0%
BANK0               A0      0       0       5        0.0%
BITBANK15           60      0       0      35        0.0%
BANK15              60      0       0      36        0.0%
BITCOMRAM           5E      0       0       0        0.0%
COMRAM              5E      0       8       1        8.5%
BITSFR               0      0       0     200        0.0%
SFR                  0      0       0     200        0.0%
STACK                0      0       0       2        0.0%
NULL                 0      0       0       0        0.0%
ABS                  0      0       8      32        0.0%
DATA                 0      0       8       3        0.0%
CODE                 0      0       0       0        0.0%


Microchip Technology PIC18 Macro Assembler V2.30 build 20200825195618 
Symbol Table                                                                                   Fri Apr 25 18:42:24 2025

                      l52 0098                        l49 0062                        l76 0144  
                      l77 0144                        u10 0070                        u11 006C  
                     l761 004E                       l809 0140                       l771 0094  
                     l763 0050                       l755 0012                       l773 0096  
                     l765 0052                       l757 004A                       l767 0054  
                     l759 004C                       l769 0070                       wreg 000FE8  
                    _LATA 000F89                      _LATB 000F8A                      _LATC 000F8B  
                    _LATD 000F8C                      _LATE 000F8D                      _LATF 000F8E  
                    _LATG 000F8F                      _LATH 000F90                      _LATJ 000F91  
                    i2l61 014C                      i2l55 013E                      i2l71 0118  
                    i2l58 014E                      _main 0140           _gravity_counter 0005  
                    _wait 0001                      btemp 0009                      start 000E  
            ___param_bank 000000                     ?_main 0000                     _T0CON 000FD5  
                   i2l801 00F0                     i2l803 0104                     i2l805 0108  
                   i2l807 0116                     i2l781 009C                     i2l775 0132  
                   i2l791 00CC                     i2l783 00AA                     i2l777 013A  
                   i2l793 00D0                     i2l785 00AC                     i2l779 013C  
                   i2l795 00D4                     i2l787 00B4                     i2l797 00E8  
                   i2l789 00B8                     i2l799 00EC                     _TMR0H 000FD7  
                   _TMR0L 000FD6                     _TRISB 000F93                     _TRISD 000F95  
                   _TRISH 000F99                     _TRISJ 000F9A           __end_of_initial 009A  
                   ttemp5 000A                     ttemp6 000D                     ttemp7 0011  
                   status 000FD8                     wtemp8 000A           __initialization 011C  
            __end_of_main 014C         ??_HandleInterrupt 0000                    ??_main 0000  
           __activetblptr 000000      __size_of_handleBlink 000E      __size_of_handleScore 0002  
                  _INTCON 000FF2                    i2u2_40 00AA                    i2u2_41 00A6  
                  i2u3_40 00CC                    i2u3_41 00C8                    i2u4_40 00E8  
                  i2u4_41 00E4                    i2u5_40 0104                    i2u5_41 0100  
                  i2u6_40 0116                    i2u6_41 0112                    clear_0 0122  
               ??_initial 0000                __accesstop 0060   __end_of__initialization 0128  
           ___rparam_used 000001            __pcstackCOMRAM 0000     __end_of_handleGravity 0150  
         _HandleInterrupt 0008                   __Hparam 0000                   __Lparam 0000  
                 __pcinit 011C                   __ramtop 1000                   __ptext0 0140  
                 __ptext1 0012                   __ptext3 014C                   __ptext4 014E  
                 __ptext5 0132                   _initial 0012            __pintcode_body 009A  
    end_of_initialization 0128                   int_func 009A                   postinc0 000FEE  
           ??_handleBlink 0000             ??_handleScore 0000   __end_of_HandleInterrupt 011C  
     start_initialization 011C       __end_of_handleBlink 0140       __end_of_handleScore 014E  
             __pbssCOMRAM 0001          ?_HandleInterrupt 0000    __size_of_handleGravity 0002  
               __pintcode 0008               _handleBlink 0132               _handleScore 014C  
                ?_initial 0000             _score_counter 0003                  _LATDbits 000F8C  
           _blink_counter 0007             _handleGravity 014E                  __Hrparam 0000  
                __Lrparam 0000            ?_handleGravity 0000          __size_of_initial 0088  
           __size_of_main 000C                  int$flags 0009                _INTCONbits 000FF2  
                intlevel2 0000           ??_handleGravity 0000              ?_handleBlink 0000  
            ?_handleScore 0000  __size_of_HandleInterrupt 0114  
